<?xml version="1.0" encoding="UTF-8"?>
<!-- Generated by org.testng.reporters.JUnitXMLReporter -->
<testsuite hostname="IONDELWS770" name="Free CRM Application Test Cases" tests="9" failures="0" timestamp="5 Apr 2021 20:33:42 GMT" time="131.961" errors="0">
  <testcase name="loginPageTitleTest" time="0.011" classname="com.crm.qa.tests.LoginPageTest"/>
  <testcase name="crmLogoImageTest" time="0.073" classname="com.crm.qa.tests.LoginPageTest"/>
  <testcase name="loginTest" time="6.656" classname="com.crm.qa.tests.LoginPageTest"/>
  <testcase name="verifyHomePageTitleTest" time="0.005" classname="com.crm.qa.tests.HomePageTest"/>
  <testcase name="verifyCorrectUserNameLabelTest" time="0.081" classname="com.crm.qa.tests.HomePageTest"/>
  <testcase name="verifyContactsLinkTest" time="1.202" classname="com.crm.qa.tests.HomePageTest"/>
  <testcase name="verifyContactsPageLabelTest" time="0.048" classname="com.crm.qa.tests.ContactsPageTest"/>
  <testcase name="selectContactsCheckboxTest" time="0.086" classname="com.crm.qa.tests.ContactsPageTest"/>
  <testcase name="selectMultipleContactsCheckboxTest" time="0.162" classname="com.crm.qa.tests.ContactsPageTest"/>
</testsuite> <!-- Free CRM Application Test Cases -->
