<?xml version="1.0" encoding="UTF-8"?>
<!-- Generated by org.testng.reporters.JUnitXMLReporter -->
<testsuite hostname="IONDELWS770" name="Default test" tests="3" failures="0" timestamp="6 Apr 2021 20:15:01 GMT" time="48.344" errors="0">
  <testcase name="verifyHomePageTitleTest" time="0.016" classname="com.crm.qa.tests.HomePageTest"/>
  <testcase name="verifyCorrectUserNameLabelTest" time="0.102" classname="com.crm.qa.tests.HomePageTest"/>
  <testcase name="verifyContactsLinkTest" time="1.602" classname="com.crm.qa.tests.HomePageTest"/>
</testsuite> <!-- Default test -->
