<?xml version="1.0" encoding="UTF-8"?>
<testng-results skipped="0" failed="0" ignored="2" total="8" passed="6">
  <reporter-output>
  </reporter-output>
  <suite name="Free CRM Application Test Automation Test Suite" duration-ms="79068" started-at="2021-04-07T03:43:21 IST" finished-at="2021-04-07T03:44:41 IST">
    <groups>
    </groups>
    <test name="Free CRM Application Sanity Test Cases" duration-ms="79068" started-at="2021-04-07T03:43:21 IST" finished-at="2021-04-07T03:44:41 IST">
      <class name="com.crm.qa.tests.LoginPageTest">
        <test-method status="PASS" signature="reportSetup()[pri:0, instance:com.crm.qa.tests.LoginPageTest@6dbb137d]" name="reportSetup" is-config="true" duration-ms="71" started-at="2021-04-07T03:43:21 IST" finished-at="2021-04-07T03:43:21 IST">
          <reporter-output>
          </reporter-output>
        </test-method> <!-- reportSetup -->
        <test-method status="PASS" signature="setUp()[pri:0, instance:com.crm.qa.tests.LoginPageTest@6dbb137d]" name="setUp" is-config="true" duration-ms="7592" started-at="2021-04-07T03:43:21 IST" finished-at="2021-04-07T03:43:29 IST">
          <reporter-output>
          </reporter-output>
        </test-method> <!-- setUp -->
        <test-method status="PASS" signature="loginPageTitleTest()[pri:1, instance:com.crm.qa.tests.LoginPageTest@6dbb137d]" name="loginPageTitleTest" duration-ms="16" started-at="2021-04-07T03:43:29 IST" finished-at="2021-04-07T03:43:29 IST">
          <reporter-output>
          </reporter-output>
        </test-method> <!-- loginPageTitleTest -->
        <test-method status="PASS" signature="tearDown()[pri:0, instance:com.crm.qa.tests.LoginPageTest@6dbb137d]" name="tearDown" is-config="true" duration-ms="669" started-at="2021-04-07T03:43:29 IST" finished-at="2021-04-07T03:43:30 IST">
          <reporter-output>
          </reporter-output>
        </test-method> <!-- tearDown -->
        <test-method status="PASS" signature="setUp()[pri:0, instance:com.crm.qa.tests.LoginPageTest@6dbb137d]" name="setUp" is-config="true" duration-ms="7062" started-at="2021-04-07T03:43:30 IST" finished-at="2021-04-07T03:43:37 IST">
          <reporter-output>
          </reporter-output>
        </test-method> <!-- setUp -->
        <test-method status="PASS" signature="crmLogoImageTest()[pri:2, instance:com.crm.qa.tests.LoginPageTest@6dbb137d]" name="crmLogoImageTest" duration-ms="62" started-at="2021-04-07T03:43:37 IST" finished-at="2021-04-07T03:43:37 IST">
          <reporter-output>
          </reporter-output>
        </test-method> <!-- crmLogoImageTest -->
        <test-method status="PASS" signature="tearDown()[pri:0, instance:com.crm.qa.tests.LoginPageTest@6dbb137d]" name="tearDown" is-config="true" duration-ms="666" started-at="2021-04-07T03:43:37 IST" finished-at="2021-04-07T03:43:38 IST">
          <reporter-output>
          </reporter-output>
        </test-method> <!-- tearDown -->
        <test-method status="PASS" signature="setUp()[pri:0, instance:com.crm.qa.tests.LoginPageTest@6dbb137d]" name="setUp" is-config="true" duration-ms="7079" started-at="2021-04-07T03:43:38 IST" finished-at="2021-04-07T03:43:45 IST">
          <reporter-output>
          </reporter-output>
        </test-method> <!-- setUp -->
        <test-method status="PASS" signature="loginTest()[pri:3, instance:com.crm.qa.tests.LoginPageTest@6dbb137d]" name="loginTest" duration-ms="6962" started-at="2021-04-07T03:43:45 IST" finished-at="2021-04-07T03:43:52 IST">
          <reporter-output>
          </reporter-output>
        </test-method> <!-- loginTest -->
        <test-method status="PASS" signature="tearDown()[pri:0, instance:com.crm.qa.tests.LoginPageTest@6dbb137d]" name="tearDown" is-config="true" duration-ms="704" started-at="2021-04-07T03:43:52 IST" finished-at="2021-04-07T03:43:52 IST">
          <reporter-output>
          </reporter-output>
        </test-method> <!-- tearDown -->
        <test-method status="PASS" signature="reportTeardown()[pri:0, instance:com.crm.qa.tests.LoginPageTest@6dbb137d]" name="reportTeardown" is-config="true" duration-ms="181" started-at="2021-04-07T03:44:41 IST" finished-at="2021-04-07T03:44:41 IST">
          <reporter-output>
          </reporter-output>
        </test-method> <!-- reportTeardown -->
      </class> <!-- com.crm.qa.tests.LoginPageTest -->
      <class name="com.crm.qa.tests.HomePageTest">
        <test-method status="PASS" signature="setUp()[pri:0, instance:com.crm.qa.tests.HomePageTest@3c9d0b9d]" name="setUp" is-config="true" duration-ms="14404" started-at="2021-04-07T03:43:52 IST" finished-at="2021-04-07T03:44:07 IST">
          <reporter-output>
          </reporter-output>
        </test-method> <!-- setUp -->
        <test-method status="PASS" signature="verifyHomePageTitleTest()[pri:1, instance:com.crm.qa.tests.HomePageTest@3c9d0b9d]" name="verifyHomePageTitleTest" duration-ms="17" started-at="2021-04-07T03:44:07 IST" finished-at="2021-04-07T03:44:07 IST">
          <reporter-output>
          </reporter-output>
        </test-method> <!-- verifyHomePageTitleTest -->
        <test-method status="PASS" signature="tearDown()[pri:0, instance:com.crm.qa.tests.HomePageTest@3c9d0b9d]" name="tearDown" is-config="true" duration-ms="688" started-at="2021-04-07T03:44:07 IST" finished-at="2021-04-07T03:44:07 IST">
          <reporter-output>
          </reporter-output>
        </test-method> <!-- tearDown -->
        <test-method status="PASS" signature="setUp()[pri:0, instance:com.crm.qa.tests.HomePageTest@3c9d0b9d]" name="setUp" is-config="true" duration-ms="15919" started-at="2021-04-07T03:44:07 IST" finished-at="2021-04-07T03:44:23 IST">
          <reporter-output>
          </reporter-output>
        </test-method> <!-- setUp -->
        <test-method status="PASS" signature="verifyCorrectUserNameLabelTest()[pri:2, instance:com.crm.qa.tests.HomePageTest@3c9d0b9d]" name="verifyCorrectUserNameLabelTest" duration-ms="122" started-at="2021-04-07T03:44:23 IST" finished-at="2021-04-07T03:44:23 IST">
          <reporter-output>
          </reporter-output>
        </test-method> <!-- verifyCorrectUserNameLabelTest -->
        <test-method status="PASS" signature="tearDown()[pri:0, instance:com.crm.qa.tests.HomePageTest@3c9d0b9d]" name="tearDown" is-config="true" duration-ms="756" started-at="2021-04-07T03:44:23 IST" finished-at="2021-04-07T03:44:24 IST">
          <reporter-output>
          </reporter-output>
        </test-method> <!-- tearDown -->
        <test-method status="PASS" signature="setUp()[pri:0, instance:com.crm.qa.tests.HomePageTest@3c9d0b9d]" name="setUp" is-config="true" duration-ms="14400" started-at="2021-04-07T03:44:24 IST" finished-at="2021-04-07T03:44:39 IST">
          <reporter-output>
          </reporter-output>
        </test-method> <!-- setUp -->
        <test-method status="PASS" signature="verifyContactsLinkTest()[pri:3, instance:com.crm.qa.tests.HomePageTest@3c9d0b9d]" name="verifyContactsLinkTest" duration-ms="1202" started-at="2021-04-07T03:44:39 IST" finished-at="2021-04-07T03:44:40 IST">
          <reporter-output>
          </reporter-output>
        </test-method> <!-- verifyContactsLinkTest -->
        <test-method status="PASS" signature="tearDown()[pri:0, instance:com.crm.qa.tests.HomePageTest@3c9d0b9d]" name="tearDown" is-config="true" duration-ms="722" started-at="2021-04-07T03:44:40 IST" finished-at="2021-04-07T03:44:41 IST">
          <reporter-output>
          </reporter-output>
        </test-method> <!-- tearDown -->
      </class> <!-- com.crm.qa.tests.HomePageTest -->
    </test> <!-- Free CRM Application Sanity Test Cases -->
  </suite> <!-- Free CRM Application Test Automation Test Suite -->
</testng-results>
