<?xml version="1.0" encoding="UTF-8"?>
<testsuite xmlns:xsi="http://www.w3.org/2001/XMLSchema-instance" xsi:noNamespaceSchemaLocation="https://maven.apache.org/surefire/maven-surefire-plugin/xsd/surefire-test-report-3.0.xsd" version="3.0" name="TestSuite" time="80.434" tests="6" errors="0" skipped="0" failures="0">
  <properties>
[...]
</properties>
  <testcase name="loginPageTitleTest" classname="com.crm.qa.tests.LoginPageTest" time="0.004">
    <system-out><![CDATA[[TestNGContentHandler] [WARN] It is strongly recommended to add "<!DOCTYPE suite SYSTEM "https://testng.org/testng-1.0.dtd" >" at the top of your file, otherwise TestNG may fail or not work as expected.
Before navigating to URL : https://classic.crmpro.com
Navigated to URL : https://classic.crmpro.com
]]></system-out>
    <system-err><![CDATA[Starting ChromeDriver 88.0.4324.96 (68dba2d8a0b149a1d3afac56fa74648032bcf46b-refs/branch-heads/4324@{#1784}) on port 3649
Only local connections are allowed.
Please see https://chromedriver.chromium.org/security-considerations for suggestions on keeping ChromeDriver safe.
ChromeDriver was started successfully.
[1617747203.420][WARNING]: This version of ChromeDriver has not been tested with Chrome version 89.
Apr 07, 2021 3:43:23 AM org.openqa.selenium.remote.ProtocolHandshake createSession
INFO: Detected dialect: W3C
]]></system-err>
  </testcase>
  <testcase name="crmLogoImageTest" classname="com.crm.qa.tests.LoginPageTest" time="0.053">
    <system-out><![CDATA[Before navigating to URL : https://classic.crmpro.com
Navigated to URL : https://classic.crmpro.com
Trying to find Element By : By.xpath: //img[contains(@src,'https://classic.freecrm.com/img/logo.png')]
Found Element By : By.xpath: //img[contains(@src,'https://classic.freecrm.com/img/logo.png')]
]]></system-out>
    <system-err><![CDATA[Starting ChromeDriver 88.0.4324.96 (68dba2d8a0b149a1d3afac56fa74648032bcf46b-refs/branch-heads/4324@{#1784}) on port 14132
Only local connections are allowed.
Please see https://chromedriver.chromium.org/security-considerations for suggestions on keeping ChromeDriver safe.
ChromeDriver was started successfully.
[1617747211.441][WARNING]: This version of ChromeDriver has not been tested with Chrome version 89.
Apr 07, 2021 3:43:31 AM org.openqa.selenium.remote.ProtocolHandshake createSession
INFO: Detected dialect: W3C
]]></system-err>
  </testcase>
  <testcase name="loginTest" classname="com.crm.qa.tests.LoginPageTest" time="6.957">
    <system-out><![CDATA[Before navigating to URL : https://classic.crmpro.com
Navigated to URL : https://classic.crmpro.com
Trying to find Element By : By.name: username
Found Element By : By.name: username
Value of element : [[ChromeDriver: chrome on WINDOWS (0cfa70455e9cdad8b5e3d0e474cb710d)] -> name: username] before any changes are made : [Ljava.lang.CharSequence;@18cebaa5
Element : [[ChromeDriver: chrome on WINDOWS (0cfa70455e9cdad8b5e3d0e474cb710d)] -> name: username] value changed to : [Ljava.lang.CharSequence;@18cebaa5
Trying to find Element By : By.name: password
Found Element By : By.name: password
Value of element : [[ChromeDriver: chrome on WINDOWS (0cfa70455e9cdad8b5e3d0e474cb710d)] -> name: password] before any changes are made : [Ljava.lang.CharSequence;@3b2c0e88
Element : [[ChromeDriver: chrome on WINDOWS (0cfa70455e9cdad8b5e3d0e474cb710d)] -> name: password] value changed to : [Ljava.lang.CharSequence;@3b2c0e88
Trying to find Element By : By.xpath: //input[@type='submit']
Found Element By : By.xpath: //input[@type='submit']
Trying to click on element : [[ChromeDriver: chrome on WINDOWS (0cfa70455e9cdad8b5e3d0e474cb710d)] -> xpath: //input[@type='submit']]
Clicked on element : [[ChromeDriver: chrome on WINDOWS (0cfa70455e9cdad8b5e3d0e474cb710d)] -> xpath: //input[@type='submit']]
]]></system-out>
    <system-err><![CDATA[Starting ChromeDriver 88.0.4324.96 (68dba2d8a0b149a1d3afac56fa74648032bcf46b-refs/branch-heads/4324@{#1784}) on port 44392
Only local connections are allowed.
Please see https://chromedriver.chromium.org/security-considerations for suggestions on keeping ChromeDriver safe.
ChromeDriver was started successfully.
[1617747219.235][WARNING]: This version of ChromeDriver has not been tested with Chrome version 89.
Apr 07, 2021 3:43:39 AM org.openqa.selenium.remote.ProtocolHandshake createSession
INFO: Detected dialect: W3C
]]></system-err>
  </testcase>
  <testcase name="verifyHomePageTitleTest" classname="com.crm.qa.tests.HomePageTest" time="0.009">
    <system-out><![CDATA[Before navigating to URL : https://classic.crmpro.com
Navigated to URL : https://classic.crmpro.com
Trying to find Element By : By.name: username
Found Element By : By.name: username
Value of element : [[ChromeDriver: chrome on WINDOWS (21bee02995e9dd6908d5d248c85fc580)] -> name: username] before any changes are made : [Ljava.lang.CharSequence;@1bb1fde8
Element : [[ChromeDriver: chrome on WINDOWS (21bee02995e9dd6908d5d248c85fc580)] -> name: username] value changed to : [Ljava.lang.CharSequence;@1bb1fde8
Trying to find Element By : By.name: password
Found Element By : By.name: password
Value of element : [[ChromeDriver: chrome on WINDOWS (21bee02995e9dd6908d5d248c85fc580)] -> name: password] before any changes are made : [Ljava.lang.CharSequence;@31e75d13
Element : [[ChromeDriver: chrome on WINDOWS (21bee02995e9dd6908d5d248c85fc580)] -> name: password] value changed to : [Ljava.lang.CharSequence;@31e75d13
Trying to find Element By : By.xpath: //input[@type='submit']
Found Element By : By.xpath: //input[@type='submit']
Trying to click on element : [[ChromeDriver: chrome on WINDOWS (21bee02995e9dd6908d5d248c85fc580)] -> xpath: //input[@type='submit']]
Clicked on element : [[ChromeDriver: chrome on WINDOWS (21bee02995e9dd6908d5d248c85fc580)] -> xpath: //input[@type='submit']]
]]></system-out>
    <system-err><![CDATA[Starting ChromeDriver 88.0.4324.96 (68dba2d8a0b149a1d3afac56fa74648032bcf46b-refs/branch-heads/4324@{#1784}) on port 26534
Only local connections are allowed.
Please see https://chromedriver.chromium.org/security-considerations for suggestions on keeping ChromeDriver safe.
ChromeDriver was started successfully.
[1617747234.008][WARNING]: This version of ChromeDriver has not been tested with Chrome version 89.
Apr 07, 2021 3:43:54 AM org.openqa.selenium.remote.ProtocolHandshake createSession
INFO: Detected dialect: W3C
]]></system-err>
  </testcase>
  <testcase name="verifyCorrectUserNameLabelTest" classname="com.crm.qa.tests.HomePageTest" time="0.116">
    <system-out><![CDATA[Before navigating to URL : https://classic.crmpro.com
Navigated to URL : https://classic.crmpro.com
Trying to find Element By : By.name: username
Found Element By : By.name: username
Value of element : [[ChromeDriver: chrome on WINDOWS (723806dcb98b2c306813ae95e416289a)] -> name: username] before any changes are made : [Ljava.lang.CharSequence;@60bdf15d
Element : [[ChromeDriver: chrome on WINDOWS (723806dcb98b2c306813ae95e416289a)] -> name: username] value changed to : [Ljava.lang.CharSequence;@60bdf15d
Trying to find Element By : By.name: password
Found Element By : By.name: password
Value of element : [[ChromeDriver: chrome on WINDOWS (723806dcb98b2c306813ae95e416289a)] -> name: password] before any changes are made : [Ljava.lang.CharSequence;@3f23a3a0
Element : [[ChromeDriver: chrome on WINDOWS (723806dcb98b2c306813ae95e416289a)] -> name: password] value changed to : [Ljava.lang.CharSequence;@3f23a3a0
Trying to find Element By : By.xpath: //input[@type='submit']
Found Element By : By.xpath: //input[@type='submit']
Trying to click on element : [[ChromeDriver: chrome on WINDOWS (723806dcb98b2c306813ae95e416289a)] -> xpath: //input[@type='submit']]
Clicked on element : [[ChromeDriver: chrome on WINDOWS (723806dcb98b2c306813ae95e416289a)] -> xpath: //input[@type='submit']]
Trying to find Element By : By.xpath: //td[contains(text(),'User: group automation')]
Found Element By : By.xpath: //td[contains(text(),'User: group automation')]
]]></system-out>
    <system-err><![CDATA[Starting ChromeDriver 88.0.4324.96 (68dba2d8a0b149a1d3afac56fa74648032bcf46b-refs/branch-heads/4324@{#1784}) on port 8147
Only local connections are allowed.
Please see https://chromedriver.chromium.org/security-considerations for suggestions on keeping ChromeDriver safe.
ChromeDriver was started successfully.
[1617747249.119][WARNING]: This version of ChromeDriver has not been tested with Chrome version 89.
Apr 07, 2021 3:44:09 AM org.openqa.selenium.remote.ProtocolHandshake createSession
INFO: Detected dialect: W3C
]]></system-err>
  </testcase>
  <testcase name="verifyContactsLinkTest" classname="com.crm.qa.tests.HomePageTest" time="1.196">
    <system-out><![CDATA[Before navigating to URL : https://classic.crmpro.com
Navigated to URL : https://classic.crmpro.com
Trying to find Element By : By.name: username
Found Element By : By.name: username
Value of element : [[ChromeDriver: chrome on WINDOWS (51d2a0598b49ebf654c2a0a77e6f28da)] -> name: username] before any changes are made : [Ljava.lang.CharSequence;@5aa0dbf4
Element : [[ChromeDriver: chrome on WINDOWS (51d2a0598b49ebf654c2a0a77e6f28da)] -> name: username] value changed to : [Ljava.lang.CharSequence;@5aa0dbf4
Trying to find Element By : By.name: password
Found Element By : By.name: password
Value of element : [[ChromeDriver: chrome on WINDOWS (51d2a0598b49ebf654c2a0a77e6f28da)] -> name: password] before any changes are made : [Ljava.lang.CharSequence;@5a021cb9
Element : [[ChromeDriver: chrome on WINDOWS (51d2a0598b49ebf654c2a0a77e6f28da)] -> name: password] value changed to : [Ljava.lang.CharSequence;@5a021cb9
Trying to find Element By : By.xpath: //input[@type='submit']
Found Element By : By.xpath: //input[@type='submit']
Trying to click on element : [[ChromeDriver: chrome on WINDOWS (51d2a0598b49ebf654c2a0a77e6f28da)] -> xpath: //input[@type='submit']]
Clicked on element : [[ChromeDriver: chrome on WINDOWS (51d2a0598b49ebf654c2a0a77e6f28da)] -> xpath: //input[@type='submit']]
Trying to find Element By : By.xpath: //a[contains(text(),'Contacts')]
Found Element By : By.xpath: //a[contains(text(),'Contacts')]
Trying to click on element : [[ChromeDriver: chrome on WINDOWS (51d2a0598b49ebf654c2a0a77e6f28da)] -> xpath: //a[contains(text(),'Contacts')]]
Clicked on element : [[ChromeDriver: chrome on WINDOWS (51d2a0598b49ebf654c2a0a77e6f28da)] -> xpath: //a[contains(text(),'Contacts')]]
]]></system-out>
    <system-err><![CDATA[Starting ChromeDriver 88.0.4324.96 (68dba2d8a0b149a1d3afac56fa74648032bcf46b-refs/branch-heads/4324@{#1784}) on port 25794
Only local connections are allowed.
Please see https://chromedriver.chromium.org/security-considerations for suggestions on keeping ChromeDriver safe.
ChromeDriver was started successfully.
[1617747265.901][WARNING]: This version of ChromeDriver has not been tested with Chrome version 89.
Apr 07, 2021 3:44:25 AM org.openqa.selenium.remote.ProtocolHandshake createSession
INFO: Detected dialect: W3C
]]></system-err>
  </testcase>
</testsuite>