<?xml version="1.0" encoding="UTF-8"?>
<testng-results skipped="0" failed="0" total="3" passed="3">
  <reporter-output>
  </reporter-output>
  <suite name="Default suite" duration-ms="48344" started-at="2021-04-06T20:14:13Z" finished-at="2021-04-06T20:15:01Z">
    <groups>
    </groups>
    <test name="Default test" duration-ms="48344" started-at="2021-04-06T20:14:13Z" finished-at="2021-04-06T20:15:01Z">
      <class name="com.crm.qa.tests.HomePageTest">
        <test-method status="PASS" signature="reportSetup()[pri:0, instance:com.crm.qa.tests.HomePageTest@531be3c5]" name="reportSetup" is-config="true" duration-ms="154" started-at="2021-04-07T01:44:13Z" finished-at="2021-04-07T01:44:13Z">
          <reporter-output>
          </reporter-output>
        </test-method> <!-- reportSetup -->
        <test-method status="PASS" signature="setUp()[pri:0, instance:com.crm.qa.tests.HomePageTest@531be3c5]" name="setUp" is-config="true" duration-ms="14694" started-at="2021-04-07T01:44:13Z" finished-at="2021-04-07T01:44:27Z">
          <reporter-output>
          </reporter-output>
        </test-method> <!-- setUp -->
        <test-method status="PASS" signature="verifyHomePageTitleTest()[pri:1, instance:com.crm.qa.tests.HomePageTest@531be3c5]" name="verifyHomePageTitleTest" duration-ms="16" started-at="2021-04-07T01:44:27Z" finished-at="2021-04-07T01:44:27Z">
          <reporter-output>
          </reporter-output>
        </test-method> <!-- verifyHomePageTitleTest -->
        <test-method status="PASS" signature="tearDown()[pri:0, instance:com.crm.qa.tests.HomePageTest@531be3c5]" name="tearDown" is-config="true" duration-ms="681" started-at="2021-04-07T01:44:27Z" finished-at="2021-04-07T01:44:28Z">
          <reporter-output>
          </reporter-output>
        </test-method> <!-- tearDown -->
        <test-method status="PASS" signature="setUp()[pri:0, instance:com.crm.qa.tests.HomePageTest@531be3c5]" name="setUp" is-config="true" duration-ms="15988" started-at="2021-04-07T01:44:28Z" finished-at="2021-04-07T01:44:44Z">
          <reporter-output>
          </reporter-output>
        </test-method> <!-- setUp -->
        <test-method status="PASS" signature="verifyCorrectUserNameLabelTest()[pri:2, instance:com.crm.qa.tests.HomePageTest@531be3c5]" name="verifyCorrectUserNameLabelTest" duration-ms="102" started-at="2021-04-07T01:44:44Z" finished-at="2021-04-07T01:44:44Z">
          <reporter-output>
          </reporter-output>
        </test-method> <!-- verifyCorrectUserNameLabelTest -->
        <test-method status="PASS" signature="tearDown()[pri:0, instance:com.crm.qa.tests.HomePageTest@531be3c5]" name="tearDown" is-config="true" duration-ms="700" started-at="2021-04-07T01:44:44Z" finished-at="2021-04-07T01:44:45Z">
          <reporter-output>
          </reporter-output>
        </test-method> <!-- tearDown -->
        <test-method status="PASS" signature="setUp()[pri:0, instance:com.crm.qa.tests.HomePageTest@531be3c5]" name="setUp" is-config="true" duration-ms="13869" started-at="2021-04-07T01:44:45Z" finished-at="2021-04-07T01:44:59Z">
          <reporter-output>
          </reporter-output>
        </test-method> <!-- setUp -->
        <test-method status="PASS" signature="verifyContactsLinkTest()[pri:3, instance:com.crm.qa.tests.HomePageTest@531be3c5]" name="verifyContactsLinkTest" duration-ms="1602" started-at="2021-04-07T01:44:59Z" finished-at="2021-04-07T01:45:00Z">
          <reporter-output>
          </reporter-output>
        </test-method> <!-- verifyContactsLinkTest -->
        <test-method status="PASS" signature="tearDown()[pri:0, instance:com.crm.qa.tests.HomePageTest@531be3c5]" name="tearDown" is-config="true" duration-ms="685" started-at="2021-04-07T01:45:00Z" finished-at="2021-04-07T01:45:01Z">
          <reporter-output>
          </reporter-output>
        </test-method> <!-- tearDown -->
        <test-method status="PASS" signature="reportTeardown()[pri:0, instance:com.crm.qa.tests.HomePageTest@531be3c5]" name="reportTeardown" is-config="true" duration-ms="217" started-at="2021-04-07T01:45:01Z" finished-at="2021-04-07T01:45:01Z">
          <reporter-output>
          </reporter-output>
        </test-method> <!-- reportTeardown -->
      </class> <!-- com.crm.qa.tests.HomePageTest -->
    </test> <!-- Default test -->
  </suite> <!-- Default suite -->
</testng-results>
