<?xml version="1.0" encoding="UTF-8"?>
<!-- Generated by org.testng.reporters.JUnitXMLReporter -->
<testsuite hostname="IONDELWS770" ignored="2" name="Free CRM Application Sanity Test Cases" tests="6" failures="0" timestamp="2021-04-07T03:44:41 IST" time="79.068" errors="0">
  <testcase name="loginPageTitleTest" time="0.016" classname="com.crm.qa.tests.LoginPageTest"/>
  <testcase name="crmLogoImageTest" time="0.062" classname="com.crm.qa.tests.LoginPageTest"/>
  <testcase name="loginTest" time="6.962" classname="com.crm.qa.tests.LoginPageTest"/>
  <testcase name="verifyHomePageTitleTest" time="0.017" classname="com.crm.qa.tests.HomePageTest"/>
  <testcase name="verifyCorrectUserNameLabelTest" time="0.122" classname="com.crm.qa.tests.HomePageTest"/>
  <testcase name="verifyContactsLinkTest" time="1.202" classname="com.crm.qa.tests.HomePageTest"/>
  <testcase name="@BeforeSuite reportSetup" time="0.0" classname="com.qa.ExtentReportListener.ExtentReportsFile">
    <ignored/>
  </testcase> <!-- @BeforeSuite reportSetup -->
  <testcase name="@AfterSuite reportTeardown" time="0.0" classname="com.qa.ExtentReportListener.ExtentReportsFile">
    <ignored/>
  </testcase> <!-- @AfterSuite reportTeardown -->
</testsuite> <!-- Free CRM Application Sanity Test Cases -->
